<?xml version="1.0" encoding="UTF-8"?>
<testng-results ignored="0" total="1" passed="1" failed="0" skipped="0">
  <reporter-output>
  </reporter-output>
  <suite started-at="2024-12-06T17:55:12 IST" name="Default suite" finished-at="2024-12-06T17:55:16 IST" duration-ms="3660">
    <groups>
    </groups>
    <test started-at="2024-12-06T17:55:12 IST" name="Default test" finished-at="2024-12-06T17:55:16 IST" duration-ms="3660">
      <class name="panCardMock.PaymentTest">
        <test-method signature="sampleTest()[pri:0, instance:panCardMock.PaymentTest@659499f1]" started-at="2024-12-06T17:55:12 IST" name="sampleTest" finished-at="2024-12-06T17:55:16 IST" duration-ms="3607" status="PASS">
          <reporter-output>
          </reporter-output>
        </test-method> <!-- sampleTest -->
      </class> <!-- panCardMock.PaymentTest -->
    </test> <!-- Default test -->
  </suite> <!-- Default suite -->
</testng-results>
